2015-12-06T10:58:31.900Z     1         52 dns:www.jd.com P http://www.jd.com/ text/dns #006 20151206105831597+295 sha1:3F56SAJMC3JQY53AUY6RTBITUSHEWMCH - -
2015-12-06T10:58:36.852Z     1         68 dns:game.jd.com LP http://game.jd.com/ text/dns #001 20151206105836813+34 sha1:5O5UXSJCP466TGYHN4TG64ZY5VDH7KHC - -
2015-12-06T10:58:36.854Z     1         71 dns:jiaofei.jd.com LP http://jiaofei.jd.com/ text/dns #045 20151206105836829+9 sha1:P2UMMOBXFJ7Q6DBXM2IN2GMAZ3BYI74K - -
2015-12-06T10:58:36.861Z     1         69 dns:hotel.jd.com LP http://hotel.jd.com/ text/dns #039 20151206105836807+19 sha1:MKHX6XYD46QRHESAVA22DG5HR4ENCF72 - -
2015-12-06T10:58:36.868Z     1         71 dns:jipiao.jd.com LP http://jipiao.jd.com/ text/dns #005 20151206105836773+66 sha1:P6SNDZ7UYL72IP655C3V5UWKLQUYLJDT - -
2015-12-06T10:58:36.878Z     1         68 dns:h5.m.jd.com XP http://h5.m.jd.com/active/track/mping.min.js text/dns #045 20151206105836855+23 sha1:7AZHAPTLKACSSGNXAOSCYDXPV4AB737B - -
2015-12-06T10:58:36.886Z     1         54 dns:giftcard.jd.com LP http://giftcard.jd.com/market/index.action text/dns #002 20151206105836842+26 sha1:RULAOM4QEAARQUO2KRBMVPXA7GCB26SO - -
2015-12-06T10:58:36.893Z     1         49 dns:ccc.jd.com EP http://ccc.jd.com/cookie_check text/dns #045 20151206105836880+13 sha1:VSPBLYOT3ROFFUUKEFZ4TH4X23YFDR7H - -
2015-12-06T10:58:36.897Z     1         52 dns:static.360buyimg.com XP http://static.360buyimg.com/devfe/toolbar/1.0.0/js/main.js text/dns #005 20151206105836874+23 sha1:FPDP3GKARLTWXZ6PXFHTSOJMB6K7VBI3 - -
2015-12-06T10:58:36.898Z   200     167014 http://www.jd.com/ - - text/html #006 20151206105833911+1543 sha1:UOPHMNDC7FYUWOUC6DL2NGME6M5Y6ZH5 - 2t
2015-12-06T10:58:36.899Z     1         69 dns:movie.jd.com LP http://movie.jd.com/ text/dns #032 20151206105836790+20 sha1:LKUCWHAEPSETZK4DOZR7ZYS2J7JVEU3E - -
2015-12-06T10:58:36.904Z     1         52 dns:sale.jd.com LP http://sale.jd.com/act/20bkxp3L6F.html text/dns #037 20151206105836753+12 sha1:FPDP3GKARLTWXZ6PXFHTSOJMB6K7VBI3 - -
2015-12-06T10:58:36.913Z     1         71 dns:paimai.jd.com LP http://paimai.jd.com/ text/dns #046 20151206105836690+42 sha1:IRN6UBECZWRPLKSXVMRQ5CFPMTFCTQRF - -
2015-12-06T10:58:36.918Z     1        121 dns:itunes.apple.com XP https://itunes.apple.com/cn/app/jing-dong-hd/id434374726 text/dns #001 20151206105836855+63 sha1:BE5OITS2M4UGDWS5R2PT2FLXTYE2H3NR - -
2015-12-06T10:58:36.922Z     1         52 dns:wl.jd.com EP http://wl.jd.com/wl.js text/dns #039 20151206105836863+58 sha1:FPDP3GKARLTWXZ6PXFHTSOJMB6K7VBI3 - -
2015-12-06T10:58:36.923Z     1         52 dns:jr.jd.com LP http://jr.jd.com/ text/dns #044 20151206105836717+10 sha1:FPDP3GKARLTWXZ6PXFHTSOJMB6K7VBI3 - -
2015-12-06T10:58:36.924Z     1         73 dns:chongzhi.jd.com LP http://chongzhi.jd.com/ text/dns #031 20151206105836674+10 sha1:LOIYR5VBFCWUVPIAKGZ5VRSTJTAARVZK - -
2015-12-06T10:58:36.925Z     1         52 dns:tuan.jd.com LP http://tuan.jd.com/ text/dns #025 20151206105836611+12 sha1:FPDP3GKARLTWXZ6PXFHTSOJMB6K7VBI3 - -
2015-12-06T10:58:36.925Z     1         67 dns:red.jd.com LP http://red.jd.com/ text/dns #019 20151206105836568+10 sha1:JDVMDH7GBIW6NRLLIVSIGWMPP42BWRO2 - -
2015-12-06T10:58:36.927Z     1         67 dns:www.jd.hk LP http://www.jd.hk/ text/dns #047 20151206105836554+8 sha1:Q2V5XR4FR6WBYBZ5QIZRDJUJUAZCZSCQ - -
2015-12-06T10:58:36.928Z     1         67 dns:piao.jd.com LP http://piao.jd.com/ text/dns #042 20151206105836539+12 sha1:WRYCOHBLAEQW7BIJPD5BTN4N62RFLSE3 - -
2015-12-06T10:58:36.929Z     1         49 dns:bao.jd.com LP http://bao.jd.com/ text/dns #034 20151206105836509+14 sha1:MUXJG5QE4UBE2O3JSPNPCAVGLWGVQGA5 - -
2015-12-06T10:58:36.930Z     1         56 dns:baitiao.jd.com LP http://baitiao.jd.com/ text/dns #038 20151206105836511+10 sha1:ZVMHVT3Z44HBY46JPGW26EX2PZQNSFA5 - -
2015-12-06T10:58:36.930Z     1         52 dns:licai.jd.com LP http://licai.jd.com/ text/dns #033 20151206105836487+24 sha1:FPDP3GKARLTWXZ6PXFHTSOJMB6K7VBI3 - -
2015-12-06T10:58:36.931Z     1         52 dns:e.jd.com LP http://e.jd.com/ebook.html text/dns #012 20151206105836457+37 sha1:FPDP3GKARLTWXZ6PXFHTSOJMB6K7VBI3 - -
2015-12-06T10:58:36.931Z     1         72 dns:caipiao.jd.com LP http://caipiao.jd.com/ text/dns #014 20151206105836474+11 sha1:WJ2AYE7SPAPOX37CVUIBKSQ3JZNYEXL3 - -
2015-12-06T10:58:36.932Z     1         52 dns:mvd.jd.com LP http://mvd.jd.com/ text/dns #020 20151206105836421+16 sha1:6QSF4S5KMQTTTIPZA2RXPPXTGHA4OYE6 - -
2015-12-06T10:58:36.933Z     1         52 dns:z.jd.com LP http://z.jd.com/ text/dns #015 20151206105836495+13 sha1:6QSF4S5KMQTTTIPZA2RXPPXTGHA4OYE6 - -
2015-12-06T10:58:36.933Z     1         52 dns:book.jd.com LP http://book.jd.com/ text/dns #022 20151206105836396+10 sha1:6QSF4S5KMQTTTIPZA2RXPPXTGHA4OYE6 - -
2015-12-06T10:58:36.934Z     1         68 dns:trip.jd.com LP http://trip.jd.com/ text/dns #050 20151206105836467+18 sha1:G7E7KQACOIQXQ6JS2WVWGIYG5VZ6XLWS - -
2015-12-06T10:58:36.934Z     1         52 dns:china.jd.com LP http://china.jd.com/ text/dns #003 20151206105836367+11 sha1:6QSF4S5KMQTTTIPZA2RXPPXTGHA4OYE6 - -
2015-12-06T10:58:36.935Z     1         52 dns:channel.jd.com LP http://channel.jd.com/electronic.html text/dns #004 20151206105836275+11 sha1:6QSF4S5KMQTTTIPZA2RXPPXTGHA4OYE6 - -
2015-12-06T10:58:36.936Z     1         94 dns:car.jd.com LP http://car.jd.com/ text/dns #021 20151206105836301+16 sha1:TNREGWL2MCKX6VC7QYZBZ6EVHNENYAIK - -
2015-12-06T10:58:36.936Z     1         67 dns:app.jd.com LP http://app.jd.com/ text/dns #036 20151206105836242+24 sha1:MUV6XWYAHWJ3PUDJLAIQJQJHKE4CY5MI - -
2015-12-06T10:58:36.937Z     1         69 dns:baby.jd.com LP http://baby.jd.com/ text/dns #026 20151206105836325+9 sha1:K5CIZKZQHYRKOYWUUHCNQEJCETRSJNGH - -
2015-12-06T10:58:36.938Z     1         70 dns:shouji.jd.com LP http://shouji.jd.com/ text/dns #027 20151206105836252+18 sha1:Z4W3E4EDW4KEK6WATNDK4X6LQMNGAWVP - -
2015-12-06T10:58:36.939Z     1         71 dns:mobile.jd.com LP http://mobile.jd.com/ text/dns #016 20151206105836261+10 sha1:OI3ZXFWOJAW7FWYW4UIJQVTNFZOGLUAN - -
2015-12-06T10:58:36.940Z     1         69 dns:home.jd.com LP http://home.jd.com/ text/dns #009 20151206105836178+11 sha1:UEAS7RRCIAHYAH5DC362OXV25E5D5HLV - -
2015-12-06T10:58:36.941Z     1         69 dns:shuma.jd.com LP http://shuma.jd.com/ text/dns #035 20151206105836188+10 sha1:FLNU4FGDZ6OAZH62ZIJRQFLP6F4ISKRO - -
2015-12-06T10:58:36.942Z     1         65 dns:b.jd.com LP http://b.jd.com/ text/dns #049 20151206105836167+8 sha1:KMYVNTAIIINNUSEGAIIBPLULFMCNIH6R - -
2015-12-06T10:58:36.942Z     1         67 dns:cart.jd.com LP http://cart.jd.com/cart/cart.html text/dns #018 20151206105836203+12 sha1:VIUPABMF4RBV3XPI5M76SLV3VVLGUGSI - -
2015-12-06T10:58:36.943Z     1         69 dns:order.jd.com LP http://order.jd.com/center/list.action text/dns #028 20151206105836144+21 sha1:WXNXOZODYJDWHFHXVTBTM7TDYKMC7CQO - -
2015-12-06T10:58:36.944Z     1         68 dns:vip.jd.com LP http://vip.jd.com/ text/dns #010 20151206105836229+9 sha1:7XRIN7336NJLNTWKKOWQU3TRC7OOVWSK - -
2015-12-06T10:58:36.944Z     1         53 dns:img20.360buyimg.com EP http://img20.360buyimg.com/da/jfs/t1267/324/8050548/67591/2b891cf/54db6df4N2d9f9e9e.jpg text/dns #017 20151206105836039+10 sha1:M5LIFKINEYXS6OVEPFKGG5KTBMD663KD - -
2015-12-06T10:58:36.945Z     1         71 dns:diannao.jd.com LP http://diannao.jd.com/ text/dns #029 20151206105836231+19 sha1:62Z2QJ6Z63PFVGPHJLL5C5HAEAFR5M34 - -
2015-12-06T10:58:36.946Z     1         53 dns:img12.360buyimg.com EP http://img12.360buyimg.com/ text/dns #013 20151206105835947+77 sha1:S7E5X4XN6E3ADQ4JDJA7SSQ6NUAGWERQ - -
2015-12-06T10:58:36.946Z     1         72 dns:surveys.jd.com XP http://surveys.jd.com/index.php?r=survey/index/sid/889711/newtest/Y/lang/zh-Hans text/dns #041 20151206105835977+47 sha1:F6KPU22DRLSTFCM4A3Q4X4Y2POCOZBTJ - -
2015-12-06T10:58:36.947Z     1         53 dns:img30.360buyimg.com EP http://img30.360buyimg.com/ text/dns #024 20151206105835949+73 sha1:OOL2KNIMYANKXVWLJ4TOG6F3MTMLMQCG - -
2015-12-06T10:58:36.948Z     1         65 dns:d.jd.com EP http://d.jd.com/ text/dns #048 20151206105835976+46 sha1:22N4EKYV7PPDRFYEVUNFTJYW5PKRWQVV - -
2015-12-06T10:58:36.949Z     1         52 dns:d.3.cn EP http://d.3.cn/ text/dns #030 20151206105835981+40 sha1:G2Y2YCNB2YLRDNTZQJIVWZ3OUFNGWYNR - -
2015-12-06T10:58:36.950Z     1         53 dns:img14.360buyimg.com EP http://img14.360buyimg.com/ text/dns #043 20151206105835971+50 sha1:OOL2KNIMYANKXVWLJ4TOG6F3MTMLMQCG - -
2015-12-06T10:58:36.951Z     1         53 dns:img11.360buyimg.com EP http://img11.360buyimg.com/ text/dns #023 20151206105835957+62 sha1:S7E5X4XN6E3ADQ4JDJA7SSQ6NUAGWERQ - -
2015-12-06T10:58:36.952Z     1         53 dns:img13.360buyimg.com EP http://img13.360buyimg.com/ text/dns #040 20151206105835923+98 sha1:TYUGTMFW5VAZYNGCJYQB4FO6KN2QFG64 - -
2015-12-06T10:58:36.953Z     1         53 dns:img10.360buyimg.com EP http://img10.360buyimg.com/ text/dns #008 20151206105835934+81 sha1:S7E5X4XN6E3ADQ4JDJA7SSQ6NUAGWERQ - -
2015-12-06T10:58:36.954Z     1         52 dns:misc.360buyimg.com EP http://misc.360buyimg.com/ text/dns #011 20151206105835890+113 sha1:6R6COUSI2YANERRXJRQO66MF4PI7XXFY - -
2015-12-06T10:58:38.909Z   200      14609 http://static.360buyimg.com/devfe/toolbar/1.0.0/js/main.js X http://www.jd.com/ application/x-javascript #001 20151206105838898+10 sha1:RDN46QIG3VYGVJYY6LZRODIGMBUWKD57 - 2t
2015-12-06T10:58:38.935Z   302          0 http://jiaofei.jd.com/ L http://www.jd.com/ text/html #005 20151206105838856+76 sha1:3I42H3S6NNFQ2MSVX7XZKYAYSCX5QBYJ - 2t
2015-12-06T10:58:38.948Z   200      28535 http://wl.jd.com/wl.js E http://www.jd.com/ application/x-javascript #047 20151206105838927+21 sha1:OXBSEWTGXXORCK73BLATYSZHRZY7HLYM - 2t
2015-12-06T10:58:39.052Z   200        171 http://movie.jd.com/ L http://www.jd.com/ text/html #039 20151206105838901+146 sha1:M3DD3LAYM3ZD7MTLWRAD6NAEJGKA7LAD - 2t
2015-12-06T10:58:39.057Z   200         43 http://ccc.jd.com/cookie_check E http://www.jd.com/ image/gif #046 20151206105838893+163 sha1:5CWCES5J52L6Q5TQ5VXTULYBFC327H7E - 2t
2015-12-06T10:58:39.062Z   302          0 http://tuan.jd.com/ L http://www.jd.com/ text/html #034 20151206105838929+132 sha1:3I42H3S6NNFQ2MSVX7XZKYAYSCX5QBYJ - 2t
2015-12-06T10:58:39.095Z   200      20404 http://sale.jd.com/act/20bkxp3L6F.html L http://www.jd.com/ text/html #044 20151206105838906+177 sha1:4V56R56YMLT3T6TMOUM6SB6CBEC6HCGG - 2t
2015-12-06T10:58:39.187Z   200        104 http://paimai.jd.com/ L http://www.jd.com/ text/html #031 20151206105838914+270 sha1:GRXFDOFCQKKUXBLJF4G7BUGKGDFROKRI - 2t
2015-12-06T10:58:39.274Z   302        166 http://d.3.cn/ E http://www.jd.com/ text/html #043 20151206105838986+283 sha1:IMRG45KFAM53XAQPWFQATIKB3KIHSJTD - 2t
2015-12-06T10:58:39.319Z   200        321 http://mobile.jd.com/ L http://www.jd.com/ text/html #016 20151206105838972+344 sha1:VEQJDXHJX52FL75JNXZLBKELIQ33I7GY - 2t
2015-12-06T10:58:39.354Z   302          0 http://home.jd.com/ L http://www.jd.com/ text/html #017 20151206105838974+376 sha1:3I42H3S6NNFQ2MSVX7XZKYAYSCX5QBYJ - 2t
2015-12-06T10:58:39.385Z   302        154 http://cart.jd.com/cart/cart.html L http://www.jd.com/ text/html #028 20151206105838971+412 sha1:POPLDWWERZ2PUX2BRPCFNS2BB6ELQHMY - 2t
2015-12-06T10:58:39.386Z   200      37796 http://h5.m.jd.com/active/track/mping.min.js X http://www.jd.com/ application/x-javascript #037 20151206105838880+506 sha1:AO5GBRWW4OSLIBNK3COWVXUGJTUZUXOH - 2t
2015-12-06T10:58:39.704Z   302          0 http://order.jd.com/center/list.action L http://www.jd.com/ text/html #029 20151206105838980+723 sha1:3I42H3S6NNFQ2MSVX7XZKYAYSCX5QBYJ - 2t
2015-12-06T10:58:39.772Z   302        154 http://img30.360buyimg.com/ E http://www.jd.com/ text/html #048 20151206105838983+787 sha1:POPLDWWERZ2PUX2BRPCFNS2BB6ELQHMY - 2t
2015-12-06T10:58:39.888Z     1         73 dns:passport.jd.com LRP http://passport.jd.com/uc/login?ReturnUrl=http://order.jd.com/center/list.action text/dns #034 20151206105839707+180 sha1:TSC5QHLUQQZZKMMMSTYIRWXVU7E6G7KP - -
2015-12-06T10:58:39.954Z   302        154 http://d.jd.com/ E http://www.jd.com/ text/html #030 20151206105838986+966 sha1:POPLDWWERZ2PUX2BRPCFNS2BB6ELQHMY - 2t
2015-12-06T10:58:40.354Z   200      24863 http://app.jd.com/ L http://www.jd.com/ text/html #027 20151206105838963+1213 sha1:SIUDARF2PQBQRPG6M7HQFLIIEWHCDJCI - 2t
2015-12-06T10:58:40.357Z   200      15325 http://surveys.jd.com/index.php?r=survey/index/sid/889711/newtest/Y/lang/zh-Hans X http://www.jd.com/ text/html #041 20151206105838983+1232 sha1:62NYZMH67ZLDVESL2GZE4HDJWWXIRONE - 2t
2015-12-06T10:58:40.486Z     1         66 dns:my.jd.com LLP http://my.jd.com/personal/guess.html text/dns #028 20151206105840284+202 sha1:VXAA5TXW7CDFNTCXMOKLHSHCIEYBEMSJ - -
2015-12-06T10:58:40.489Z     1         67 dns:diy.jd.com LLP http://diy.jd.com/ text/dns #030 20151206105840286+202 sha1:PS63FNSMYHWQKVNWKO76JW5MAW3BMZIU - -
2015-12-06T10:58:40.497Z     1         73 dns:dapeigou.jd.com LLP http://dapeigou.jd.com/ text/dns #034 20151206105840301+196 sha1:OMUORRB2XAHB6UBKS23LIQ433YLQYOUB - -
2015-12-06T10:58:40.499Z     1         69 dns:read.jd.com LLP http://read.jd.com/ text/dns #043 20151206105840290+208 sha1:6IPILP6UQQ3ZJP26YRCUCOS2AKTWIBVF - -
2015-12-06T10:58:40.526Z     1         60 dns:xihuan.jd.com LLP http://xihuan.jd.com/ text/dns #048 20151206105840305+220 sha1:J26ZG3J4WMKU33YMBZYGY74E5OFNJANS - -
2015-12-06T10:58:40.538Z     1         55 dns:jdstar.jd.com LLP http://jdstar.jd.com/ text/dns #031 20151206105840311+226 sha1:UP4RSK2VC4WTFTEF5O67EJ5ORBDTPFRL - -
2015-12-06T10:58:40.558Z     1         52 dns:m.jr.jd.com LLP http://m.jr.jd.com/helppage/downApp/jrAppPromote.html text/dns #027 20151206105840356+201 sha1:74N2APBHOGEGAMPHX4OIZ7OTOXJJV2WF - -
2015-12-06T10:58:40.570Z     1         74 dns:shipingou.jd.com LLP http://shipingou.jd.com/ text/dns #044 20151206105840317+252 sha1:WSDY3JHZRSDQMNMNFSLS3ZYBXFKFX34W - -
2015-12-06T10:58:40.711Z     1         65 dns:m.jd.com LXP http://m.jd.com/ text/dns #034 20151206105840499+212 sha1:VSA6ZLEIRALBHE6DS6JX6N3HH5BCOAIP - -
2015-12-06T10:58:40.712Z     1         71 dns:union.m.jd.com LXP http://union.m.jd.com/download/go.action?to=http://itunes.apple.com/cn/app/id477928691&client=apple&unionId=12532&key=7e40716eb18e09606a2d6f72b4c7fc4c text/dns #048 20151206105840544+167 sha1:KRSVTN4LDR44YUKVW4YX2456KQWYJG6E - -
2015-12-06T10:58:40.745Z     1         68 dns:qwd.jd.com LLP http://qwd.jd.com/jdshare/index.html text/dns #031 20151206105840547+197 sha1:JBHDKQ4FKGC4BZVHRY3JU24GZS5XEVQU - -
2015-12-06T10:58:40.781Z     1         71 dns:market.jd.com LLP http://market.jd.com/giftcard/index.html text/dns #027 20151206105840560+221 sha1:SCSNYC2DKM7UKHH5MOGNMW5LTMZSXM74 - -
2015-12-06T10:58:40.905Z     1         57 dns:zhaopin.jd.com LLP http://zhaopin.jd.com/ text/dns #034 20151206105840719+185 sha1:SBFC6ZSMP4WYWO3D2363DN2HINZFRQIQ - -
2015-12-06T10:58:40.907Z     1         70 dns:gongyi.jd.com LLP http://gongyi.jd.com/ text/dns #048 20151206105840713+193 sha1:J5GSSOG3RK4GC5XORWJFV2V44RUELKLT - -
2015-12-06T10:58:40.940Z     1         49 dns:cps.jd.com LLP http://cps.jd.com/ text/dns #031 20151206105840746+193 sha1:XKJU4JIRGNZKL6WG3QENMVA335NQOLNG - -
2015-12-06T10:58:41.048Z   403        161 http://misc.360buyimg.com/ E http://www.jd.com/ text/html #039 20151206105839054+1993 sha1:FRUFM724K7EVPKOUWO7MIQOKCHNEGLSO - 2t
2015-12-06T10:58:41.206Z   200      67591 http://img20.360buyimg.com/da/jfs/t1267/324/8050548/67591/2b891cf/54db6df4N2d9f9e9e.jpg E http://www.jd.com/ image/jpeg #013 20151206105838978+2228 sha1:RFMC47VVLW5NUHIVVYEQYADRQFIFNDMG - 2t
2015-12-06T10:58:41.518Z   405        166 http://img14.360buyimg.com/ E http://www.jd.com/ text/html #040 20151206105838994+2522 sha1:TPECM3FZOSPPQNMC2KCIU73TSSYC2HDP - 2t
2015-12-06T10:58:41.518Z   405        166 http://img10.360buyimg.com/ E http://www.jd.com/ text/html #001 20151206105838996+2521 sha1:TPECM3FZOSPPQNMC2KCIU73TSSYC2HDP - 2t
2015-12-06T10:58:41.584Z   302        154 http://img11.360buyimg.com/ E http://www.jd.com/ text/html #008 20151206105838993+2590 sha1:POPLDWWERZ2PUX2BRPCFNS2BB6ELQHMY - 2t
2015-12-06T10:58:41.910Z     1         69 dns:c-nfa.jd.com XP http://c-nfa.jd.com/adclick?keyStr=z5AXFoIimt1jiDK32%20w4mWlR1HP401IHmvwFQGlQg62ZPF3OiESlsb3G4jjjcUHvNB0ffESre4p46kgY508LDmxtZGJUp8jY0KsmRoAdvl9HWmoByPeXmwN%20vPPmAue8nPRVaxDTMvb4FGTgPthakgrzLLgxrtQf3O/mRW3zt3njqWkbP/5o4bUCmdMVySubBvY0tDzeYVvO6GD7pv64H8vAa6QAm01CnX10pC6qyde7NopedPC3du7DL5C86LCm7rgAJfsDkN3cr39q/mKyOw8DnD4R7zcofvTr4ytU1fEqjV5eNKY%20ZtEexFIgZ9O50KLb4qjigzwt6HHBU%20SMjg==&cv=2.0&url=http://sale.jd.com/act/1bUfXBZYCPeL.html text/dns #007 20151206105836700+5209 sha1:QUBJPKQFEOZAEIZ2IB7BS2XXGHSOF472 - -
2015-12-06T10:58:42.126Z   200     207294 http://jr.jd.com/ L http://www.jd.com/ text/html #019 20151206105838925+2980 sha1:AO7BFJETFWKHIRKEYAYPM6YGENHU7E66 - 2t
2015-12-06T10:58:42.211Z   200      34643 http://baitiao.jd.com/ L http://www.jd.com/ text/html #014 20151206105838945+3230 sha1:WCWPIRDFRT3HT4TZOQWP4RYURVV7TDKK - 2t
2015-12-06T10:58:42.786Z   200     120368 http://licai.jd.com/ L http://www.jd.com/ text/html #047 20151206105838950+3736 sha1:RRNHVWR4VIYMHBSC553XF3R5YNB5UEMU - 2t
2015-12-06T10:58:42.899Z   200      19136 http://sale.jd.com/act/ObXiVdvRnyGzgN7.html L http://www.jd.com/ text/html #040 20151206105841519+1357 sha1:WKMG5BCETUPHNUELPH7CQVQ2LKZQR4H2 - -
2015-12-06T10:58:43.086Z     1         72 dns:trade.jr.jd.com LLP http://trade.jr.jd.com/trade/tradebuy.action text/dns #040 20151206105842901+184 sha1:PP7IAQZ3JI4ASACZAFO5S34WT3AVT7OI - -
2015-12-06T10:58:43.180Z   200      95087 http://book.jd.com/ L http://www.jd.com/ text/html #050 20151206105838956+4206 sha1:CXHT7YC5ZVW4LDDVGGI6JXZ5MPJU2VTS - 2t
2015-12-06T10:58:43.243Z     1         56 dns:help.jr.jd.com LLP http://help.jr.jd.com/ text/dns #040 20151206105843087+155 sha1:EBPX3JHXFNEX37IRLUCHGUHAVZDYJOXX - -
2015-12-06T10:58:43.311Z     1         55 dns:list.jr.jd.com LLP http://list.jr.jd.com/fundlist/1-11-112.htm text/dns #050 20151206105843181+130 sha1:62YSDLLEFXAS32Y5LK64SZUPFQBJXZP6 - -
2015-12-06T10:58:43.382Z     1         51 dns:sq.jd.com LLP http://sq.jd.com/X3dvw1 text/dns #040 20151206105843244+138 sha1:L44JBQGNM2SYFJ3IU6HBOTJL3TQ33GRP - -
2015-12-06T10:59:04.444Z    -5      58970 http://car.jd.com/ L http://www.jd.com/ text/html #021 20151206105838962+4383 sha1:M2GC5ZV4HTQC23TIFDTRD3RCSKGTUIEB - err=java.lang.NullPointerException,2t
2015-12-06T10:59:20.321Z    -5     223090 http://shuma.jd.com/ L http://www.jd.com/ text/html #049 20151206105838970+24211 sha1:4VR6M2YL3SJDNQUPL6S7KI4E2NNOCAQY - err=java.lang.NullPointerException,2t
2015-12-06T10:59:20.498Z   200     236762 http://www.jd.hk/ L http://www.jd.com/ text/html #038 20151206105838941+22340 sha1:DRYVT2OQERHDN6MY37W5ZKAZKVVDFIMT - 2t
2015-12-06T10:59:54.008Z    -5     509881 http://b.jd.com/ L http://www.jd.com/ text/html #010 20151206105838977+20658 sha1:V2A254YNCW7NJLE7DJE6JQXBB5L44JV5 - err=java.lang.NullPointerException,2t
2015-12-06T10:59:54.101Z   200     770551 http://red.jd.com/ L http://www.jd.com/ text/html #005 20151206105838937+20279 sha1:RXC4P64ZTO7PQFIT6CAXY3CPWEP4WOQ5 - 2t
2015-12-06T10:59:57.272Z    -5     436575 http://vip.jd.com/ L http://www.jd.com/ text/html #018 20151206105838965+20338 sha1:TS3W2V3XKZYNW2SEP4ZZKN7PRHAQKZJV - err=java.lang.NullPointerException,2t
2015-12-06T10:59:57.316Z   200     132859 http://caipiao.jd.com/ L http://www.jd.com/ text/html #015 20151206105838952+20498 sha1:VQOWJHIF3HLUBXALHSUMLPVPV5AMXRE7 - 2t
2015-12-06T11:00:04.857Z    -5     253061 http://trip.jd.com/ L http://www.jd.com/ text/html #003 20151206105838960+19732 sha1:FGGIH2SOPD7BRZJ3P7N7MZCRBI7UOBJK - err=java.lang.NullPointerException,2t
2015-12-06T11:00:04.926Z   200     509089 http://hotel.jd.com/ L http://www.jd.com/ text/html #006 20151206105838861+19180 sha1:KIZBHSUC653X4S3MTHE5U56S64MC3CVV - 2t
2015-12-06T11:00:08.553Z    -5     219188 http://game.jd.com/ L http://www.jd.com/ text/html #002 20151206105838856+18308 sha1:MUNEUTFV3DZWESLGAR6HLEABNWRB2DDL - err=java.lang.NullPointerException,2t
2015-12-06T11:00:13.093Z    -5     478272 http://mvd.jd.com/ L http://www.jd.com/ text/html #004 20151206105838955+17775 sha1:U4UWXTK7MYCTEFXX3UQIEIPOD4D5HAAC - err=java.lang.NullPointerException,2t
